----------------------------------------
Begin Torque Prologue on nid25336
at Thu Sep 26 02:09:22 CDT 2019
Job Id:			10396090.bw
Username:		torres
Group:			EOT_batk
Job name:		roms_vis
Requested resources:	nodes=1:ppn=16,walltime=00:30:00,neednodes=1:ppn=16
Queue:			debug
Account:		batk
End Torque Prologue:  0.096 elapsed
----------------------------------------




ocean_avg_ann_00001.nc
ocean_avg_ann_00001.nc
ocean_avg_ann_00001.nc
ocean_avg_ann_00001.nc
ocean_avg_ann_00001.nc
ocean_avg_ann_00001.nc
ocean_avg_ann_00001.nc
ocean_avg_ann_00001.nc
ocean_avg_ann_00001.nc
ocean_avg_ann_00001.nc
ocean_avg_ann_00001.nc
ocean_avg_ann_00001.nc
ocean_avg_ann_00001.nc
ocean_avg_ann_00001.nc
ocean_avg_ann_00001.nc
ocean_avg_ann_00001.nc
ocean_avg_ann_00002.nc
ocean_avg_ann_00002.nc
ocean_avg_ann_00002.nc
ocean_avg_ann_00002.nc
ocean_avg_ann_00002.nc
ocean_avg_ann_00002.nc
ocean_avg_ann_00002.nc
ocean_avg_ann_00002.nc
ocean_avg_ann_00002.nc
ocean_avg_ann_00002.nc
ocean_avg_ann_00002.nc
ocean_avg_ann_00002.nc
ocean_avg_ann_00002.nc
ocean_avg_ann_00002.nc
ocean_avg_ann_00002.nc
ocean_avg_ann_00002.nc
ocean_avg_ann_00003.nc
ocean_avg_ann_00003.nc
ocean_avg_ann_00003.nc
ocean_avg_ann_00003.nc
ocean_avg_ann_00003.nc
ocean_avg_ann_00003.nc
ocean_avg_ann_00003.nc
ocean_avg_ann_00003.nc
ocean_avg_ann_00003.nc
ocean_avg_ann_00003.nc
ocean_avg_ann_00003.nc
ocean_avg_ann_00003.nc
ocean_avg_ann_00003.nc
ocean_avg_ann_00003.nc
ocean_avg_ann_00003.nc
ocean_avg_ann_00003.nc
ocean_avg_ann_00004.nc
ocean_avg_ann_00004.nc
ocean_avg_ann_00004.nc
ocean_avg_ann_00004.nc
ocean_avg_ann_00004.nc
ocean_avg_ann_00004.nc
ocean_avg_ann_00004.nc
ocean_avg_ann_00004.nc
ocean_avg_ann_00004.nc
ocean_avg_ann_00004.nc
ocean_avg_ann_00004.nc
ocean_avg_ann_00004.nc
ocean_avg_ann_00004.nc
ocean_avg_ann_00004.nc
ocean_avg_ann_00004.nc
ocean_avg_ann_00004.nc
ocean_avg_ann_00005.nc
ocean_avg_ann_00005.nc
ocean_avg_ann_00005.nc
ocean_avg_ann_00005.nc
ocean_avg_ann_00005.nc
ocean_avg_ann_00005.nc
ocean_avg_ann_00005.nc
ocean_avg_ann_00005.nc
ocean_avg_ann_00005.nc
ocean_avg_ann_00005.nc
ocean_avg_ann_00005.nc
ocean_avg_ann_00005.nc
ocean_avg_ann_00005.nc
ocean_avg_ann_00005.nc
ocean_avg_ann_00005.nc
ocean_avg_ann_00005.nc
ocean_avg_ann_00006.nc
ocean_avg_ann_00006.nc
ocean_avg_ann_00006.nc
ocean_avg_ann_00006.nc
ocean_avg_ann_00006.nc
ocean_avg_ann_00006.nc
ocean_avg_ann_00006.nc
ocean_avg_ann_00006.nc
ocean_avg_ann_00006.nc
ocean_avg_ann_00006.nc
ocean_avg_ann_00006.nc
ocean_avg_ann_00006.nc
ocean_avg_ann_00006.nc
ocean_avg_ann_00006.nc
ocean_avg_ann_00006.nc
ocean_avg_ann_00006.nc
ocean_avg_ann_00007.nc
ocean_avg_ann_00007.nc
ocean_avg_ann_00007.nc
ocean_avg_ann_00007.nc
ocean_avg_ann_00007.nc
ocean_avg_ann_00007.nc
ocean_avg_ann_00007.nc
ocean_avg_ann_00007.nc
ocean_avg_ann_00007.nc
ocean_avg_ann_00007.nc
ocean_avg_ann_00007.nc
ocean_avg_ann_00007.nc
ocean_avg_ann_00007.nc
ocean_avg_ann_00007.nc
ocean_avg_ann_00007.nc
ocean_avg_ann_00007.nc
ocean_avg_ann_00008.nc
ocean_avg_ann_00008.nc
ocean_avg_ann_00008.nc
ocean_avg_ann_00008.nc
ocean_avg_ann_00008.nc
ocean_avg_ann_00008.nc
ocean_avg_ann_00008.nc
ocean_avg_ann_00008.nc
ocean_avg_ann_00008.nc
ocean_avg_ann_00008.nc
ocean_avg_ann_00008.nc
ocean_avg_ann_00008.nc
ocean_avg_ann_00008.nc
ocean_avg_ann_00008.nc
ocean_avg_ann_00008.nc
ocean_avg_ann_00008.nc
ocean_avg_ann_00009.nc
ocean_avg_ann_00009.nc
ocean_avg_ann_00009.nc
ocean_avg_ann_00009.nc
ocean_avg_ann_00009.nc
ocean_avg_ann_00009.nc
ocean_avg_ann_00009.nc
ocean_avg_ann_00009.nc
ocean_avg_ann_00009.nc
ocean_avg_ann_00009.nc
ocean_avg_ann_00009.nc
ocean_avg_ann_00009.nc
ocean_avg_ann_00009.nc
ocean_avg_ann_00009.nc
ocean_avg_ann_00009.nc
ocean_avg_ann_00009.nc
ocean_avg_ann_00010.nc
ocean_avg_ann_00010.nc
ocean_avg_ann_00010.nc
ocean_avg_ann_00010.nc
ocean_avg_ann_00010.nc
ocean_avg_ann_00010.nc
ocean_avg_ann_00010.nc
ocean_avg_ann_00010.nc
ocean_avg_ann_00010.nc
ocean_avg_ann_00010.nc
ocean_avg_ann_00010.nc
ocean_avg_ann_00010.nc
ocean_avg_ann_00010.nc
ocean_avg_ann_00010.nc
ocean_avg_ann_00010.nc
ocean_avg_ann_00010.nc
ocean_avg_ann_00011.nc
ocean_avg_ann_00011.nc
ocean_avg_ann_00011.nc
ocean_avg_ann_00011.nc
ocean_avg_ann_00011.nc
ocean_avg_ann_00011.nc
ocean_avg_ann_00011.nc
ocean_avg_ann_00011.nc
ocean_avg_ann_00011.nc
ocean_avg_ann_00011.nc
ocean_avg_ann_00011.nc
ocean_avg_ann_00011.nc
ocean_avg_ann_00011.nc
ocean_avg_ann_00011.nc
ocean_avg_ann_00011.nc
ocean_avg_ann_00011.nc
ocean_avg_ann_00012.nc
ocean_avg_ann_00012.nc
ocean_avg_ann_00012.nc
ocean_avg_ann_00012.nc
ocean_avg_ann_00012.nc
ocean_avg_ann_00012.nc
ocean_avg_ann_00012.nc
ocean_avg_ann_00012.nc
ocean_avg_ann_00012.nc
ocean_avg_ann_00012.nc
ocean_avg_ann_00012.nc
ocean_avg_ann_00012.nc
ocean_avg_ann_00012.nc
ocean_avg_ann_00012.nc
ocean_avg_ann_00012.nc
ocean_avg_ann_00012.nc
ocean_avg_ann_00013.nc
ocean_avg_ann_00013.nc
ocean_avg_ann_00013.nc
ocean_avg_ann_00013.nc
ocean_avg_ann_00013.nc
ocean_avg_ann_00013.nc
ocean_avg_ann_00013.nc
ocean_avg_ann_00013.nc
ocean_avg_ann_00013.nc
ocean_avg_ann_00013.nc
ocean_avg_ann_00013.nc
ocean_avg_ann_00013.nc
ocean_avg_ann_00013.nc
ocean_avg_ann_00013.nc
ocean_avg_ann_00013.nc
ocean_avg_ann_00013.nc
ocean_avg_ann_00014.nc
ocean_avg_ann_00014.nc
ocean_avg_ann_00014.nc
ocean_avg_ann_00014.nc
ocean_avg_ann_00014.nc
ocean_avg_ann_00014.nc
ocean_avg_ann_00014.nc
ocean_avg_ann_00014.nc
ocean_avg_ann_00014.nc
ocean_avg_ann_00014.nc
ocean_avg_ann_00014.nc
ocean_avg_ann_00014.nc
ocean_avg_ann_00014.nc
ocean_avg_ann_00014.nc
ocean_avg_ann_00014.nc
ocean_avg_ann_00014.nc
